<?xml version="1.0" encoding="UTF-8"?>
<!-- Generated by org.testng.reporters.JUnitXMLReporter -->
<testsuite ignored="1" hostname="ACROlap32" failures="1" tests="4" name="orders" time="0.11" errors="0" timestamp="28 Aug 2020 09:58:28 GMT">
  <testcase classname="testngdemos.TestDemo" name="test1" time="0.012"/>
  <testcase classname="testngdemos.TestDemo" name="test2" time="0.008"/>
  <testcase classname="testngdemos.TestDemo2" name="testA1" time="0.008">
    <failure type="java.lang.AssertionError" message="expected [true] but found [false]">
      <![CDATA[java.lang.AssertionError: expected [true] but found [false]
at testngdemos.TestDemo2.testA1(TestDemo2.java:17)
... Removed 29 stack frames]]>
    </failure>
  </testcase> <!-- testA1 -->
  <testcase classname="testngdemos.TestDemo2" name="testB" time="0.008"/>
  <testcase classname="testngdemos.TestDemo2" name="testA" time="0.0">
    <ignored/>
  </testcase> <!-- testA -->
</testsuite> <!-- orders -->
